<?xml version="1.0" encoding="UTF-8"?>
<!-- Generated by org.testng.reporters.JUnitReportReporter -->
<testsuite hostname="DESKTOP-1SEO4JR" failures="0" tests="2" name="api.utilities.XlTest" time="1.571" errors="0" timestamp="2023-03-30T20:55:22 EDT" skipped="0">
  <testcase classname="api.utilities.XlTest" name="getUserNames" time="0.098"/>
  <system-out/>
  <testcase classname="api.utilities.XlTest" name="getAllData" time="1.473"/>
  <system-out/>
</testsuite> <!-- api.utilities.XlTest -->
