<?xml version="1.0" encoding="UTF-8"?>
<!-- Generated by org.testng.reporters.JUnitReportReporter -->
<testsuite hostname="DESKTOP-1SEO4JR" failures="0" tests="14" name="api.test.DDTests" time="4.021" errors="0" timestamp="2023-03-30T21:15:55 EDT" skipped="0">
  <testcase classname="api.test.DDTests" name="testPostUser" time="0.168"/>
  <system-out/>
  <testcase classname="api.test.DDTests" name="testPostUser" time="0.160"/>
  <system-out/>
  <testcase classname="api.test.DDTests" name="testPostUser" time="0.159"/>
  <system-out/>
  <testcase classname="api.test.DDTests" name="testPostUser" time="0.202"/>
  <system-out/>
  <testcase classname="api.test.DDTests" name="testPostUser" time="0.151"/>
  <system-out/>
  <testcase classname="api.test.DDTests" name="testPostUser" time="1.840"/>
  <system-out/>
  <testcase classname="api.test.DDTests" name="testPostUser" time="0.184"/>
  <system-out/>
  <testcase classname="api.test.DDTests" name="testDeleteUser" time="0.176"/>
  <system-out/>
  <testcase classname="api.test.DDTests" name="testDeleteUser" time="0.178"/>
  <system-out/>
  <testcase classname="api.test.DDTests" name="testDeleteUser" time="0.158"/>
  <system-out/>
  <testcase classname="api.test.DDTests" name="testDeleteUser" time="0.153"/>
  <system-out/>
  <testcase classname="api.test.DDTests" name="testDeleteUser" time="0.174"/>
  <system-out/>
  <testcase classname="api.test.DDTests" name="testDeleteUser" time="0.163"/>
  <system-out/>
  <testcase classname="api.test.DDTests" name="testDeleteUser" time="0.155"/>
  <system-out/>
</testsuite> <!-- api.test.DDTests -->
