<?xml version="1.0" encoding="UTF-8"?>
<!-- Generated by org.testng.reporters.JUnitReportReporter -->
<testsuite hostname="DESKTOP-1SEO4JR" failures="0" tests="4" name="api.test.UserTest" time="2.455" errors="0" timestamp="2023-03-30T22:59:00 EDT" skipped="0">
  <testcase classname="api.test.UserTest" name="testPostUser" time="1.963"/>
  <system-out/>
  <testcase classname="api.test.UserTest" name="testReadUser" time="0.168"/>
  <system-out/>
  <testcase classname="api.test.UserTest" name="testUpdateUser" time="0.162"/>
  <system-out/>
  <testcase classname="api.test.UserTest" name="testDeleteUser" time="0.162"/>
  <system-out/>
</testsuite> <!-- api.test.UserTest -->
