<?xml version="1.0" encoding="UTF-8"?>
<!-- Generated by org.testng.reporters.JUnitReportReporter -->
<testsuite hostname="DESKTOP-1SEO4JR" failures="0" tests="4" name="api.test.UserTest2" time="2.450" errors="0" timestamp="2023-03-31T00:02:45 EDT" skipped="0">
  <testcase classname="api.test.UserTest2" name="testPostUser" time="1.800"/>
  <system-out/>
  <testcase classname="api.test.UserTest2" name="testReadUser" time="0.206"/>
  <system-out/>
  <testcase classname="api.test.UserTest2" name="testUpdateUser" time="0.230"/>
  <system-out/>
  <testcase classname="api.test.UserTest2" name="testDeleteUser" time="0.214"/>
  <system-out/>
</testsuite> <!-- api.test.UserTest2 -->
