<?xml version="1.0" encoding="UTF-8"?>
<!-- Generated by org.testng.reporters.JUnitReportReporter -->
<testsuite hostname="DESKTOP-1SEO4JR" failures="0" tests="1" name="api.utilities.DataProvider" time="0.619" errors="0" timestamp="2023-03-30T18:05:50 EDT" skipped="0">
  <testcase classname="api.utilities.DataProvider" name="readData" time="0.619"/>
  <system-out/>
</testsuite> <!-- api.utilities.DataProvider -->
