<?xml version="1.0" encoding="UTF-8"?>
<!-- Generated by org.testng.reporters.JUnitReportReporter -->
<testsuite hostname="DESKTOP-1SEO4JR" failures="0" tests="4" name="api.test.UserTest" time="0.737" errors="0" timestamp="2023-03-31T00:17:02 EDT" skipped="0">
  <testcase classname="api.test.UserTest" name="testPostUser" time="0.190"/>
  <system-out/>
  <testcase classname="api.test.UserTest" name="testReadUser" time="0.185"/>
  <system-out/>
  <testcase classname="api.test.UserTest" name="testUpdateUser" time="0.188"/>
  <system-out/>
  <testcase classname="api.test.UserTest" name="testDeleteUser" time="0.174"/>
  <system-out/>
</testsuite> <!-- api.test.UserTest -->
