<?xml version="1.0" encoding="UTF-8"?>
<!-- Generated by org.testng.reporters.JUnitReportReporter -->
<testsuite hostname="DESKTOP-1SEO4JR" failures="0" tests="4" name="api.test.UserTest2" time="2.455" errors="0" timestamp="2023-03-31T00:30:52 EDT" skipped="0">
  <testcase classname="api.test.UserTest2" name="testPostUser" time="1.925"/>
  <system-out/>
  <testcase classname="api.test.UserTest2" name="testReadUser" time="0.189"/>
  <system-out/>
  <testcase classname="api.test.UserTest2" name="testUpdateUser" time="0.156"/>
  <system-out/>
  <testcase classname="api.test.UserTest2" name="testDeleteUser" time="0.185"/>
  <system-out/>
</testsuite> <!-- api.test.UserTest2 -->
