<?xml version="1.0" encoding="UTF-8"?>
<!-- Generated by org.testng.reporters.JUnitReportReporter -->
<testsuite hostname="DESKTOP-1SEO4JR" failures="0" tests="14" name="api.test.DDTests" time="4.525" errors="0" timestamp="2023-03-31T00:17:02 EDT" skipped="0">
  <testcase classname="api.test.DDTests" name="testPostUser" time="0.145"/>
  <system-out/>
  <testcase classname="api.test.DDTests" name="testPostUser" time="0.217"/>
  <system-out/>
  <testcase classname="api.test.DDTests" name="testPostUser" time="0.198"/>
  <system-out/>
  <testcase classname="api.test.DDTests" name="testPostUser" time="0.223"/>
  <system-out/>
  <testcase classname="api.test.DDTests" name="testPostUser" time="0.167"/>
  <system-out/>
  <testcase classname="api.test.DDTests" name="testPostUser" time="2.201"/>
  <system-out/>
  <testcase classname="api.test.DDTests" name="testPostUser" time="0.160"/>
  <system-out/>
  <testcase classname="api.test.DDTests" name="testDeleteUser" time="0.194"/>
  <system-out/>
  <testcase classname="api.test.DDTests" name="testDeleteUser" time="0.179"/>
  <system-out/>
  <testcase classname="api.test.DDTests" name="testDeleteUser" time="0.168"/>
  <system-out/>
  <testcase classname="api.test.DDTests" name="testDeleteUser" time="0.182"/>
  <system-out/>
  <testcase classname="api.test.DDTests" name="testDeleteUser" time="0.157"/>
  <system-out/>
  <testcase classname="api.test.DDTests" name="testDeleteUser" time="0.162"/>
  <system-out/>
  <testcase classname="api.test.DDTests" name="testDeleteUser" time="0.172"/>
  <system-out/>
</testsuite> <!-- api.test.DDTests -->
